<?xml version="1.0" encoding="UTF-8"?>
<!-- Generated by org.testng.reporters.JUnitXMLReporter -->
<testsuite ignored="3" hostname="MohamedAli" failures="0" tests="1" name="Default test" time="2.377" errors="0" timestamp="2023-04-03T15:02:34 CEST">
  <testcase classname="test.TestApi" name="testPUTToAllBrandsList" time="1.985"/>
  <testcase classname="test.TestApi" name="testPOSTToAllProductsList" time="0.0">
    <ignored/>
  </testcase> <!-- testPOSTToAllProductsList -->
  <testcase classname="test.TestApi" name="testGetAllBrandsList" time="0.0">
    <ignored/>
  </testcase> <!-- testGetAllBrandsList -->
  <testcase classname="test.TestApi" name="testGetAllProductsList" time="0.0">
    <ignored/>
  </testcase> <!-- testGetAllProductsList -->
</testsuite> <!-- Default test -->
