<?xml version="1.0" encoding="UTF-8"?>
<!-- Generated by org.testng.reporters.JUnitXMLReporter -->
<testsuite ignored="0" hostname="MohamedAli" failures="0" tests="4" name="Test" time="5.625" errors="0" timestamp="2023-04-05T07:52:01 CEST">
  <testcase classname="test.TestApi" name="testGetAllProductsList" time="2.252"/>
  <testcase classname="test.TestApi" name="testPOSTToAllProductsList" time="0.915"/>
  <testcase classname="test.TestApi" name="testGetAllBrandsList" time="0.886"/>
  <testcase classname="test.TestApi" name="testPUTToAllBrandsList" time="0.869"/>
</testsuite> <!-- Test -->
