<?xml version="1.0" encoding="UTF-8"?>
<!-- Generated by org.testng.reporters.JUnitXMLReporter -->
<testsuite ignored="0" hostname="MohamedAli" failures="0" tests="4" name="Test" time="5.308" errors="0" timestamp="2023-04-05T07:53:58 CEST">
  <testcase classname="test.TestApi" name="testGetAllProductsList" time="2.07"/>
  <testcase classname="test.TestApi" name="testPOSTToAllProductsList" time="0.954"/>
  <testcase classname="test.TestApi" name="testGetAllBrandsList" time="0.909"/>
  <testcase classname="test.TestApi" name="testPUTToAllBrandsList" time="0.851"/>
</testsuite> <!-- Test -->
