<?xml version="1.0" encoding="UTF-8"?>
<testng-results ignored="0" total="4" passed="4" failed="0" skipped="0">
  <reporter-output>
  </reporter-output>
  <suite started-at="2023-04-05T07:53:53 CEST" name="Suite" finished-at="2023-04-05T07:53:58 CEST" duration-ms="5308">
    <groups>
    </groups>
    <test started-at="2023-04-05T07:53:53 CEST" name="Test" finished-at="2023-04-05T07:53:58 CEST" duration-ms="5308">
      <class name="test.TestApi">
        <test-method is-config="true" signature="readconfig()[pri:0, instance:test.TestApi@7b02881e]" started-at="2023-04-05T07:53:53 CEST" name="readconfig" finished-at="2023-04-05T07:53:53 CEST" duration-ms="324" status="PASS">
          <reporter-output>
          </reporter-output>
        </test-method> <!-- readconfig -->
        <test-method signature="testGetAllProductsList()[pri:1, instance:test.TestApi@7b02881e]" started-at="2023-04-05T07:53:53 CEST" name="testGetAllProductsList" finished-at="2023-04-05T07:53:55 CEST" duration-ms="2070" status="PASS">
          <reporter-output>
          </reporter-output>
        </test-method> <!-- testGetAllProductsList -->
        <test-method signature="testPOSTToAllProductsList()[pri:2, instance:test.TestApi@7b02881e]" started-at="2023-04-05T07:53:55 CEST" name="testPOSTToAllProductsList" finished-at="2023-04-05T07:53:56 CEST" duration-ms="954" status="PASS">
          <reporter-output>
          </reporter-output>
        </test-method> <!-- testPOSTToAllProductsList -->
        <test-method signature="testGetAllBrandsList()[pri:3, instance:test.TestApi@7b02881e]" started-at="2023-04-05T07:53:56 CEST" name="testGetAllBrandsList" finished-at="2023-04-05T07:53:57 CEST" duration-ms="909" status="PASS">
          <reporter-output>
          </reporter-output>
        </test-method> <!-- testGetAllBrandsList -->
        <test-method signature="testPUTToAllBrandsList()[pri:4, instance:test.TestApi@7b02881e]" started-at="2023-04-05T07:53:57 CEST" name="testPUTToAllBrandsList" finished-at="2023-04-05T07:53:58 CEST" duration-ms="851" status="PASS">
          <reporter-output>
          </reporter-output>
        </test-method> <!-- testPUTToAllBrandsList -->
      </class> <!-- test.TestApi -->
    </test> <!-- Test -->
  </suite> <!-- Suite -->
</testng-results>
