<?xml version="1.0" encoding="UTF-8"?>
<testsuite xmlns:xsi="http://www.w3.org/2001/XMLSchema-instance" xsi:noNamespaceSchemaLocation="https://maven.apache.org/surefire/maven-surefire-plugin/xsd/surefire-test-report-3.0.xsd" version="3.0" name="TestSuite" time="5.913" tests="4" errors="0" skipped="0" failures="0">
  <properties>
[...]
</properties>
  <testcase name="testGetAllProductsList" classname="test.TestApi" time="2.073"/>
  <testcase name="testPOSTToAllProductsList" classname="test.TestApi" time="0.953"/>
  <testcase name="testGetAllBrandsList" classname="test.TestApi" time="0.908"/>
  <testcase name="testPUTToAllBrandsList" classname="test.TestApi" time="0.852"/>
</testsuite>